07/07/2019 04:12:17.003 - [INFO] - Customer LOGIN(TORC1234)
07/07/2019 04:12:32.204 - [INFO] - METHOD[bookEvent]; PARAMETERS[TORC1234, OTWE080619, CONFERENCE]; STATUS[true]; SERVER_MESSAGE[Booking Successful.]
07/07/2019 04:12:56.647 - [INFO] - METHOD[bookEvent]; PARAMETERS[TORC1234, MTLA090619, CONFERENCE]; STATUS[true]; SERVER_MESSAGE[Booking Successful.]
07/07/2019 04:13:16.826 - [INFO] - METHOD[bookEvent]; PARAMETERS[TORC1234, MTLA080619, TRADESHOW]; STATUS[true]; SERVER_MESSAGE[Booking Successful.]
07/07/2019 04:13:36.484 - [INFO] - METHOD[bookEvent]; PARAMETERS[TORC1234, OTWE110619, CONFERENCE]; STATUS[false]; SERVER_MESSAGE[TORC1234 is already booked in 3 out-of-City events in a month.]
07/07/2019 04:14:17.209 - [INFO] - METHOD[bookEvent]; PARAMETERS[TORC1234, MTLE230719, SEMINAR]; STATUS[false]; SERVER_MESSAGE[MTLE230719 is full.]
07/07/2019 04:34:03.246 - [INFO] - Customer LOGIN(TORC1234)
07/07/2019 04:34:35.614 - [INFO] - METHOD[bookEvent]; PARAMETERS[TORC1234, OTWE080619, CONFERENCE]; STATUS[true]; SERVER_MESSAGE[Booking Successful.]
07/07/2019 04:34:51.187 - [INFO] - METHOD[bookEvent]; PARAMETERS[TORC1234, MTLA090619, CONFERENCE]; STATUS[true]; SERVER_MESSAGE[Booking Successful.]
07/07/2019 04:35:15.436 - [INFO] - METHOD[bookEvent]; PARAMETERS[TORC1234, MTLA080619, TRADESHOW]; STATUS[true]; SERVER_MESSAGE[Booking Successful.]
07/07/2019 04:35:47.249 - [INFO] - Customer LOGIN(TORC1234)
07/07/2019 04:35:57.860 - [INFO] - METHOD[getBookingSchedule]; PARAMETERS[TORC1234]; STATUS[true]; SERVER_MESSAGE[{CONFERENCE=[MTLA090619, OTWE080619], TRADESHOW=[MTLA080619]}]
07/07/2019 04:37:03.751 - [INFO] - METHOD[bookEvent]; PARAMETERS[TORC1234, OTWE110619, CONFERENCE]; STATUS[false]; SERVER_MESSAGE[TORC1234 is already booked in 3 out-of-City events.]
07/07/2019 04:37:27.765 - [INFO] - METHOD[bookEvent]; PARAMETERS[TORC1234, MTLE230719, SEMINAR]; STATUS[false]; SERVER_MESSAGE[TORC1234 is already booked in 3 out-of-City events.]
07/07/2019 04:48:04.557 - [INFO] - Customer LOGIN(TORC1234)
07/07/2019 04:48:25.451 - [INFO] - METHOD[bookEvent]; PARAMETERS[TORC1234, OTWE080619, CONFERENCE]; STATUS[false]; SERVER_MESSAGE[OTWE080619 is not offered in CONFERENCE eventType.]
07/07/2019 04:49:04.891 - [INFO] - METHOD[bookEvent]; PARAMETERS[TORC1234, OTWM080619, CONFERENCE]; STATUS[true]; SERVER_MESSAGE[Booking Successful.]
07/07/2019 04:49:21.811 - [INFO] - METHOD[bookEvent]; PARAMETERS[TORC1234, MTLA090619, CONFERENCE]; STATUS[true]; SERVER_MESSAGE[Booking Successful.]
07/07/2019 04:49:40.010 - [INFO] - METHOD[bookEvent]; PARAMETERS[TORC1234, MTLA080619, TRADESHOW]; STATUS[true]; SERVER_MESSAGE[Booking Successful.]
07/07/2019 04:49:59.215 - [INFO] - METHOD[bookEvent]; PARAMETERS[TORC1234, OTWE110619, CONFERENCE]; STATUS[false]; SERVER_MESSAGE[TORC1234 is already booked in 3 out-of-City events in a month.]
07/07/2019 04:50:20.801 - [INFO] - METHOD[bookEvent]; PARAMETERS[TORC1234, MTLE230719, SEMINAR]; STATUS[false]; SERVER_MESSAGE[MTLE230719 is not offered in SEMINAR eventType.]
07/07/2019 04:51:23.771 - [INFO] - METHOD[bookEvent]; PARAMETERS[TORC1234, MTLW230719, SEMINAR]; STATUS[false]; SERVER_MESSAGE[MTLW230719 is full.]
07/07/2019 04:51:49.394 - [INFO] - METHOD[getBookingSchedule]; PARAMETERS[TORC1234]; STATUS[true]; SERVER_MESSAGE[{SEMINAR=[MTLW230719], CONFERENCE=[MTLA090619, OTWM080619], TRADESHOW=[MTLA080619]}]
07/07/2019 05:17:15.263 - [INFO] - Customer LOGIN(TORC1234)
07/07/2019 05:17:33.944 - [INFO] - METHOD[bookEvent]; PARAMETERS[TORC1234, OTWE080619, CONFERENCE]; STATUS[true]; SERVER_MESSAGE[Booking Successful.]
07/07/2019 05:17:50.658 - [INFO] - METHOD[bookEvent]; PARAMETERS[TORC1234, MTLA090619, CONFERENCE]; STATUS[true]; SERVER_MESSAGE[Booking Successful.]
07/07/2019 05:18:03.806 - [INFO] - METHOD[bookEvent]; PARAMETERS[TORC1234, MTLA080619, TRADESHOW]; STATUS[true]; SERVER_MESSAGE[Booking Successful.]
07/07/2019 05:18:52.053 - [INFO] - METHOD[bookEvent]; PARAMETERS[TORC1234, OTWE080619, CONFERENCE]; STATUS[false]; SERVER_MESSAGE[TORC1234 is already booked in 3 out-of-City events in a month.]
07/07/2019 05:19:27.702 - [INFO] - METHOD[bookEvent]; PARAMETERS[TORC1234, MTLE230719, SEMINAR]; STATUS[false]; SERVER_MESSAGE[MTLE230719 is full.]
07/07/2019 06:07:11.324 - [INFO] - Customer LOGIN(TORC1234)
07/07/2019 06:09:05.379 - [INFO] - METHOD[bookEvent]; PARAMETERS[TORC1234, OTWE080619, CONFERENCE]; STATUS[true]; SERVER_MESSAGE[Booking Successful.]
07/07/2019 06:09:38.523 - [INFO] - METHOD[bookEvent]; PARAMETERS[TORC1234, MTLA090619, CONFERENCE]; STATUS[true]; SERVER_MESSAGE[Booking Successful.]
07/07/2019 06:10:20.912 - [INFO] - METHOD[bookEvent]; PARAMETERS[TORC1234, MTLA080619, TRADESHOW]; STATUS[true]; SERVER_MESSAGE[Booking Successful.]
07/07/2019 06:10:53.221 - [INFO] - METHOD[bookEvent]; PARAMETERS[TORC1234, OTWE110619, CONFERENCE]; STATUS[false]; SERVER_MESSAGE[TORC1234 has already booked 3 out-of-City events in a month.]
07/07/2019 06:11:24.360 - [INFO] - METHOD[bookEvent]; PARAMETERS[TORC1234, MTLE230719, SEMINAR]; STATUS[false]; SERVER_MESSAGE[MTLE230719 is full.]
07/07/2019 06:11:32.417 - [INFO] - METHOD[getBookingSchedule]; PARAMETERS[TORC1234]; STATUS[true]; SERVER_MESSAGE[{SEMINAR=[MTLE230719], CONFERENCE=[MTLA090619, OTWE080619], TRADESHOW=[MTLA080619]}]
07/07/2019 06:11:57.234 - [INFO] - METHOD[cancelEvent]; PARAMETERS[TORC1234, MTLE230719]; STATUS[true]; SERVER_MESSAGE[Event Cancelled.]
07/07/2019 06:12:12.999 - [INFO] - METHOD[cancelEvent]; PARAMETERS[TORC1234, MTLE230719]; STATUS[false]; SERVER_MESSAGE[MTLE230719 isn't offered by the City yet.]
07/07/2019 06:12:54.576 - [INFO] - METHOD[getBookingSchedule]; PARAMETERS[TORC1234]; STATUS[true]; SERVER_MESSAGE[{CONFERENCE=[MTLA090619, OTWE080619], TRADESHOW=[MTLA080619]}]
09/07/2019 01:24:18.410 - [INFO] - Customer LOGIN(TORC1234)
09/07/2019 01:24:36.752 - [INFO] - METHOD[bookEvent]; PARAMETERS[TORC1234, TORE123456, SEMINAR]; STATUS[true]; SERVER_MESSAGE[Booking Successful.]
09/07/2019 01:25:05.489 - [INFO] - METHOD[bookEvent]; PARAMETERS[TORC1234, TORE123456, TRADESHOW]; STATUS[false]; SERVER_MESSAGE[TORC1234 is already booked in TORE123456.]
09/07/2019 01:27:18.845 - [INFO] - METHOD[bookEvent]; PARAMETERS[TORC1234, TORE234567, SEMINAR]; STATUS[true]; SERVER_MESSAGE[Booking Successful.]
09/07/2019 01:28:55.087 - [INFO] - METHOD[bookEvent]; PARAMETERS[TORC1234, TORE987654, SEMINAR]; STATUS[true]; SERVER_MESSAGE[Booking Successful.]
09/07/2019 01:34:33.768 - [INFO] - Customer LOGIN(TORC1234)
09/07/2019 01:44:58.415 - [INFO] - Customer LOGIN(TORC1234)
09/07/2019 06:46:40.866 - [INFO] - Customer LOGIN(TORC1234)
09/07/2019 06:47:08.313 - [INFO] - METHOD[bookEvent]; PARAMETERS[TORC1234, OTWE080619, CONFERENCE]; STATUS[true]; SERVER_MESSAGE[Booking Successful.]
09/07/2019 06:47:38.956 - [INFO] - METHOD[bookEvent]; PARAMETERS[TORC1234, MTLA080619, TRADESHOW]; STATUS[true]; SERVER_MESSAGE[Booking Successful.]
09/07/2019 06:47:57.390 - [INFO] - METHOD[bookEvent]; PARAMETERS[TORC1234, MTLA090619, CONFERENCE]; STATUS[true]; SERVER_MESSAGE[Booking Successful.]
09/07/2019 06:48:28.303 - [INFO] - METHOD[bookEvent]; PARAMETERS[TORC1234, OTWE110619, CONFERENCE]; STATUS[false]; SERVER_MESSAGE[TORC1234 has already booked 3 out-of-City events in a month.]
09/07/2019 06:50:29.502 - [INFO] - METHOD[bookEvent]; PARAMETERS[TORC1234, MTLE230719, SEMINAR]; STATUS[true]; SERVER_MESSAGE[Booking Successful.]
09/07/2019 06:50:40.559 - [INFO] - METHOD[getBookingSchedule]; PARAMETERS[TORC1234]; STATUS[true]; SERVER_MESSAGE[{SEMINAR=[MTLE230719], CONFERENCE=[MTLA090619, OTWE080619], TRADESHOW=[MTLA080619]}]
09/07/2019 06:52:40.628 - [INFO] - METHOD[bookEvent]; PARAMETERS[TORC1234, MTLA060619, TRADESHOW]; STATUS[false]; SERVER_MESSAGE[MTLA060619 is not offered in TRADESHOW eventType.]
