07/07/2019 04:11:16.547 - [INFO] - MANAGER LOGIN(MTLM9087)
07/07/2019 04:11:30.865 - [INFO] - METHOD[addEvent]; PARAMETERS[MTLM9087, MTLA090619, CONFERENCE, 2]; STATUS[true]; SERVER_MESSAGE[]
07/07/2019 04:11:47.014 - [INFO] - METHOD[addEvent]; PARAMETERS[MTLM9087, MTLA080619, TRADESHOW, 2]; STATUS[true]; SERVER_MESSAGE[]
07/07/2019 04:12:06.387 - [INFO] - METHOD[addEvent]; PARAMETERS[MTLM9087, MTLE230719, SEMINAR, 1]; STATUS[true]; SERVER_MESSAGE[]
07/07/2019 04:31:06.617 - [INFO] - MANAGER LOGIN(MTLM9087)
07/07/2019 04:31:23.549 - [INFO] - METHOD[addEvent]; PARAMETERS[MTLM9087, MTLA090619, CONFERENCE, 2]; STATUS[true]; SERVER_MESSAGE[]
07/07/2019 04:31:39.921 - [INFO] - METHOD[addEvent]; PARAMETERS[MTLM9087, MTLA080619, TRADESHOW, 2]; STATUS[true]; SERVER_MESSAGE[]
07/07/2019 04:31:55.027 - [INFO] - METHOD[addEvent]; PARAMETERS[MTLM9087, MTLE230719, SEMINAR, 1]; STATUS[true]; SERVER_MESSAGE[]
07/07/2019 04:45:08.192 - [INFO] - MANAGER LOGIN(MTLM9087)
07/07/2019 04:45:23.756 - [INFO] - METHOD[addEvent]; PARAMETERS[MTLM9087, MTLA090619, CONFERENCE, 2]; STATUS[true]; SERVER_MESSAGE[]
07/07/2019 04:45:47.438 - [INFO] - METHOD[addEvent]; PARAMETERS[MTLM9087, MTLA080619, TRADESHOW, 2]; STATUS[true]; SERVER_MESSAGE[]
07/07/2019 04:46:10.255 - [INFO] - METHOD[addEvent]; PARAMETERS[MTLM9087, MTLW230719, SEMINAR, 1]; STATUS[true]; SERVER_MESSAGE[]
07/07/2019 05:15:46.185 - [INFO] - MANAGER LOGIN(MTLM9087)
07/07/2019 05:16:00.872 - [INFO] - METHOD[addEvent]; PARAMETERS[MTLM9087, MTLA090619, CONFERENCE, 2]; STATUS[true]; SERVER_MESSAGE[]
07/07/2019 05:16:22.990 - [INFO] - METHOD[addEvent]; PARAMETERS[MTLM9087, MTLA080619, TRADESHOW, 2]; STATUS[true]; SERVER_MESSAGE[]
07/07/2019 05:16:52.601 - [INFO] - METHOD[addEvent]; PARAMETERS[MTLM9087, MTLE230719, SEMINAR, 1]; STATUS[true]; SERVER_MESSAGE[]
07/07/2019 06:05:29.555 - [INFO] - MANAGER LOGIN(MTLM9087)
07/07/2019 06:05:58.533 - [INFO] - METHOD[addEvent]; PARAMETERS[MTLM9087, MTLA090619, CONFERENCE, 2]; STATUS[true]; SERVER_MESSAGE[]
07/07/2019 06:06:28.047 - [INFO] - METHOD[addEvent]; PARAMETERS[MTLM9087, MTLA080619, TRADESHOW, 2]; STATUS[true]; SERVER_MESSAGE[]
07/07/2019 06:07:02.797 - [INFO] - METHOD[addEvent]; PARAMETERS[MTLM9087, MTLE230719, SEMINAR, 1]; STATUS[true]; SERVER_MESSAGE[]
09/07/2019 06:43:24.589 - [INFO] - MANAGER LOGIN(MTLM9087)
09/07/2019 06:44:02.826 - [INFO] - METHOD[addEvent]; PARAMETERS[MTLM9087, MTLA090619, CONFERENCE, 2]; STATUS[true]; SERVER_MESSAGE[]
09/07/2019 06:44:44.202 - [INFO] - MANAGER LOGIN(MTLM9087)
09/07/2019 06:45:03.321 - [INFO] - METHOD[addEvent]; PARAMETERS[MTLM9087, MTLA080619, TRADESHOW, 2]; STATUS[true]; SERVER_MESSAGE[]
09/07/2019 06:45:38.685 - [INFO] - METHOD[addEvent]; PARAMETERS[MTLM9087, MTLE230719, SEMINAR, 1]; STATUS[true]; SERVER_MESSAGE[]
09/07/2019 07:14:38.519 - [INFO] - METHOD[listEventAvailability]; PARAMETERS[MTLM9087, TRADESHOW]; STATUS[true]; SERVER_MESSAGE[{MTLA080619=1}]
09/07/2019 07:15:02.713 - [INFO] - METHOD[addEvent]; PARAMETERS[MTLM9087, MTLA080619, TRADESHOW, 2]; STATUS[false]; SERVER_MESSAGE[]
