07/07/2019 04:10:22.947 - [INFO] - MANAGER LOGIN(OTWM4560)
07/07/2019 04:10:35.230 - [INFO] - METHOD[addEvent]; PARAMETERS[OTWM4560, OTWE080619, CONFERENCE, 1]; STATUS[true]; SERVER_MESSAGE[]
07/07/2019 04:10:50.767 - [INFO] - METHOD[addEvent]; PARAMETERS[OTWM4560, OTWE110619, CONFERENCE, 1]; STATUS[true]; SERVER_MESSAGE[]
07/07/2019 04:29:42.290 - [INFO] - MANAGER LOGIN(OTWM4560)
07/07/2019 04:30:22.259 - [INFO] - METHOD[addEvent]; PARAMETERS[OTWM4560, OTWE080619, CONFERENCE, 1]; STATUS[true]; SERVER_MESSAGE[]
07/07/2019 04:30:42.644 - [INFO] - METHOD[addEvent]; PARAMETERS[OTWM4560, OTWE110619, CONFERENCE, 1]; STATUS[true]; SERVER_MESSAGE[]
07/07/2019 04:44:19.201 - [INFO] - MANAGER LOGIN(OTWM4560)
07/07/2019 04:44:40.059 - [INFO] - METHOD[addEvent]; PARAMETERS[OTWM4560, OTWM080619, CONFERENCE, 1]; STATUS[true]; SERVER_MESSAGE[]
07/07/2019 04:44:54.559 - [INFO] - METHOD[addEvent]; PARAMETERS[OTWM4560, OTWE110619, CONFERENCE, 1]; STATUS[true]; SERVER_MESSAGE[]
07/07/2019 05:13:58.144 - [INFO] - MANAGER LOGIN(OTWM4560)
07/07/2019 05:13:58.344 - [SEVERE] - RemoteException Exception : Connection refused to host: 10.0.1.9; nested exception is: 
	java.net.ConnectException: Connection refused
07/07/2019 05:14:36.634 - [INFO] - MANAGER LOGIN(OTWM4560)
07/07/2019 05:14:56.475 - [INFO] - METHOD[addEvent]; PARAMETERS[OTWM4560, OTWE080619, CONFERENCE, 1]; STATUS[true]; SERVER_MESSAGE[]
07/07/2019 05:15:13.006 - [INFO] - METHOD[addEvent]; PARAMETERS[OTWM4560, OTWE110619, CONFERENCE, 1]; STATUS[true]; SERVER_MESSAGE[]
07/07/2019 06:03:52.135 - [INFO] - MANAGER LOGIN(OTWM4560)
07/07/2019 06:04:31.822 - [INFO] - METHOD[addEvent]; PARAMETERS[OTWM4560, OTWE080619, CONFERENCE, 1]; STATUS[true]; SERVER_MESSAGE[]
07/07/2019 06:05:11.528 - [INFO] - METHOD[addEvent]; PARAMETERS[OTWM4560, OTWE110619, CONFERENCE, 1]; STATUS[true]; SERVER_MESSAGE[]
09/07/2019 06:42:00.208 - [INFO] - MANAGER LOGIN(OTWM4560)
09/07/2019 06:42:34.047 - [INFO] - METHOD[addEvent]; PARAMETERS[OTWM4560, OTWE080619, CONFERENCE, 1]; STATUS[true]; SERVER_MESSAGE[]
09/07/2019 06:43:01.363 - [INFO] - METHOD[addEvent]; PARAMETERS[OTWM4560, OTWE110619, CONFERENCE, 1]; STATUS[true]; SERVER_MESSAGE[]
09/07/2019 09:59:39.290 - [SEVERE] - RemoteException Exception : Exception creating connection to: 10.0.1.9; nested exception is: 
	java.net.SocketException: Network is unreachable
