07/07/2019 04:52:24.322 - [INFO] - MANAGER LOGIN(TORM1234)
07/07/2019 04:52:30.975 - [INFO] - METHOD[listEventAvailability]; PARAMETERS[TORM1234, SEMINAR]; STATUS[true]; SERVER_MESSAGE[{MTLW230719=0}]
08/07/2019 11:16:47.992 - [INFO] - MANAGER LOGIN(TORM1234)
08/07/2019 11:17:05.260 - [INFO] - METHOD[addEvent]; PARAMETERS[TORM1234, TORA030619, SEMINAR, 1]; STATUS[true]; SERVER_MESSAGE[]
08/07/2019 11:20:51.499 - [INFO] - MANAGER LOGIN(TORM1234)
08/07/2019 11:21:07.445 - [INFO] - METHOD[addEvent]; PARAMETERS[TORM1234, TORA123456, CONFERENCE, 2]; STATUS[true]; SERVER_MESSAGE[]
08/07/2019 11:52:51.229 - [INFO] - MANAGER LOGIN(TORM1234)
08/07/2019 11:58:02.320 - [INFO] - METHOD[addEvent]; PARAMETERS[TORM1234, TORE123456, SEMINAR, 2]; STATUS[true]; SERVER_MESSAGE[]
09/07/2019 01:20:50.474 - [INFO] - MANAGER LOGIN(TORM1234)
09/07/2019 01:21:21.542 - [INFO] - METHOD[addEvent]; PARAMETERS[TORM1234, TORE123456, TRADESHOW, 1]; STATUS[true]; SERVER_MESSAGE[]
09/07/2019 01:21:45.737 - [INFO] - METHOD[addEvent]; PARAMETERS[TORM1234, TORE123456, SEMINAR, 4]; STATUS[true]; SERVER_MESSAGE[]
09/07/2019 01:22:01.444 - [INFO] - METHOD[listEventAvailability]; PARAMETERS[TORM1234, SEMINAR]; STATUS[true]; SERVER_MESSAGE[{TORE123456=4}]
09/07/2019 01:22:28.452 - [INFO] - METHOD[addEvent]; PARAMETERS[TORM1234, TORE987654, SEMINAR, 2]; STATUS[true]; SERVER_MESSAGE[]
09/07/2019 01:25:55.244 - [INFO] - METHOD[addEvent]; PARAMETERS[TORM1234, TORE234567, SEMINAR, 2]; STATUS[true]; SERVER_MESSAGE[]
09/07/2019 01:29:47.268 - [INFO] - METHOD[addEvent]; PARAMETERS[TORM1234, TORE123567, SEMINAR, 2]; STATUS[true]; SERVER_MESSAGE[]
09/07/2019 01:30:44.126 - [INFO] - METHOD[addEvent]; PARAMETERS[TORM1234, TORE345678, SEMINAR, 2]; STATUS[true]; SERVER_MESSAGE[]
09/07/2019 01:39:18.871 - [INFO] - MANAGER LOGIN(TORM1234)
09/07/2019 01:39:36.189 - [INFO] - METHOD[addEvent]; PARAMETERS[TORM1234, TORE123456, SEMINAR, 1]; STATUS[true]; SERVER_MESSAGE[]
09/07/2019 01:39:53.522 - [INFO] - METHOD[addEvent]; PARAMETERS[TORM1234, TORE234567, SEMINAR, 2]; STATUS[true]; SERVER_MESSAGE[]
09/07/2019 01:40:05.914 - [INFO] - METHOD[addEvent]; PARAMETERS[TORM1234, TORE345678, CONFERENCE, 1]; STATUS[true]; SERVER_MESSAGE[]
09/07/2019 01:41:46.464 - [INFO] - METHOD[addEvent]; PARAMETERS[TORM1234, TORE345688, CONFERENCE, 1]; STATUS[true]; SERVER_MESSAGE[]
09/07/2019 01:42:15.061 - [INFO] - METHOD[addEvent]; PARAMETERS[TORM1234, TORE345789, TRADESHOW, 2]; STATUS[true]; SERVER_MESSAGE[]
09/07/2019 01:46:37.862 - [INFO] - MANAGER LOGIN(TORM1234)
09/07/2019 01:47:04.902 - [INFO] - MANAGER LOGIN(TORM1234)
09/07/2019 01:47:25.193 - [INFO] - METHOD[addEvent]; PARAMETERS[TORM1234, TORE080919, SEMINAR, 1]; STATUS[true]; SERVER_MESSAGE[]
09/07/2019 01:47:44.574 - [INFO] - METHOD[addEvent]; PARAMETERS[TORM1234, TORE070919, SEMINAR, 1]; STATUS[true]; SERVER_MESSAGE[]
09/07/2019 01:48:04.795 - [INFO] - METHOD[addEvent]; PARAMETERS[TORM1234, TORE060919, SEMINAR, 1]; STATUS[true]; SERVER_MESSAGE[]
09/07/2019 01:48:27.311 - [INFO] - METHOD[addEvent]; PARAMETERS[TORM1234, TORE050919, SEMINAR, 1]; STATUS[true]; SERVER_MESSAGE[]
09/07/2019 01:49:43.678 - [INFO] - METHOD[addEvent]; PARAMETERS[TORM1234, TORE081019, SEMINAR, 1]; STATUS[true]; SERVER_MESSAGE[]
