12/07/2019 03:40:29.434 - [INFO] - METHOD[bookEvent]; PARAMETERS[TORC1234, MTLA123456, SEMINAR]; STATUS[true]; SERVER_MESSAGE[Booking Successful.]
12/07/2019 03:46:09.155 - [INFO] - METHOD[swapEvent]; PARAMETERS[TORC1234, MTLE123456, CONFERENCE, MTLA123456, SEMINAR]; STATUS[false]; SERVER_MESSAGE[Swap NOT done - MTLE123456is not found in CONFERENCE]
12/07/2019 03:46:25.134 - [INFO] - METHOD[getBookingSchedule]; PARAMETERS[TORC1234]; STATUS[true]; SERVER_MESSAGE[[Ljava.lang.String;@4b24a649]
12/07/2019 03:54:10.357 - [INFO] - METHOD[bookEvent]; PARAMETERS[TORC1234, MTLA123456, SEMINAR]; STATUS[true]; SERVER_MESSAGE[Booking Successful.]
12/07/2019 03:58:41.156 - [INFO] - METHOD[swapEvent]; PARAMETERS[TORC1234, MTLE123456, CONFERENCE, MTLA123456, SEMINAR]; STATUS[false]; SERVER_MESSAGE[Swap NOT done - MTLE123456is not found in CONFERENCE]
12/07/2019 04:11:36.399 - [INFO] - METHOD[bookEvent]; PARAMETERS[TORC1234, MTLA123456, SEMINAR]; STATUS[true]; SERVER_MESSAGE[Booking Successful.]
12/07/2019 04:15:06.464 - [INFO] - METHOD[bookEvent]; PARAMETERS[TORC1234, MTLA123456, SEMINAR]; STATUS[true]; SERVER_MESSAGE[Booking Successful.]
12/07/2019 04:19:06.063 - [INFO] - METHOD[bookEvent]; PARAMETERS[TORC1234, MTLA123456, SEMINAR]; STATUS[true]; SERVER_MESSAGE[Booking Successful.]
12/07/2019 04:19:31.332 - [INFO] - METHOD[swapEvent]; PARAMETERS[TORC1234, MTLE123456, CONFERENCE, MTLA123456, SEMINAR]; STATUS[true]; SERVER_MESSAGE[]
12/07/2019 04:19:48.598 - [INFO] - METHOD[getBookingSchedule]; PARAMETERS[TORC1234]; STATUS[true]; SERVER_MESSAGE[[Ljava.lang.String;@1c33399e]
12/07/2019 04:20:55.550 - [INFO] - METHOD[swapEvent]; PARAMETERS[TORC1234, MTLE123456, CONFERENCE, TORC123456, SEMINAR]; STATUS[true]; SERVER_MESSAGE[]
12/07/2019 04:21:08.404 - [INFO] - METHOD[getBookingSchedule]; PARAMETERS[TORC1234]; STATUS[true]; SERVER_MESSAGE[[Ljava.lang.String;@69983ec0]
12/07/2019 04:26:42.280 - [INFO] - METHOD[bookEvent]; PARAMETERS[TORC1234, MTLA123456, SEMINAR]; STATUS[true]; SERVER_MESSAGE[Booking Successful.]
12/07/2019 04:33:34.329 - [INFO] - METHOD[bookEvent]; PARAMETERS[TORC1234, MTLA123456, SEMINAR]; STATUS[true]; SERVER_MESSAGE[Booking Successful.]
12/07/2019 05:03:20.031 - [INFO] - METHOD[bookEvent]; PARAMETERS[TORC1234, MTLA123456, SEMINAR]; STATUS[true]; SERVER_MESSAGE[Booking Successful.]
12/07/2019 05:03:54.999 - [INFO] - METHOD[swapEvent]; PARAMETERS[TORC1234, MTLE123456, CONFERENCE, MTLA123456, SEMINAR]; STATUS[true]; SERVER_MESSAGE[Swap of MTLA123456with MTLE123456 is Done]
12/07/2019 05:04:06.767 - [INFO] - METHOD[getBookingSchedule]; PARAMETERS[TORC1234]; STATUS[true]; SERVER_MESSAGE[[Ljava.lang.String;@3727efa1]
12/07/2019 05:08:14.619 - [INFO] - METHOD[getBookingSchedule]; PARAMETERS[TORC1234]; STATUS[true]; SERVER_MESSAGE[[Ljava.lang.String;@77c79d3e]
12/07/2019 05:10:28.182 - [INFO] - METHOD[bookEvent]; PARAMETERS[TORC1234, MTLA123456, SEMINAR]; STATUS[true]; SERVER_MESSAGE[Booking Successful.]
12/07/2019 05:13:06.897 - [INFO] - METHOD[bookEvent]; PARAMETERS[TORC1234, MTLA123456, SEMINAR]; STATUS[true]; SERVER_MESSAGE[Booking Successful.]
12/07/2019 05:13:31.390 - [INFO] - METHOD[swapEvent]; PARAMETERS[TORC1234, MTLA123456, SEMINAR, TORC123456, CONFERENCE]; STATUS[false]; SERVER_MESSAGE[TORC123456 is not found in CONFERENCE for customerTORC1234]
12/07/2019 05:13:58.717 - [INFO] - METHOD[swapEvent]; PARAMETERS[TORC1234, TORC123456, SEMINAR, MTLA123456, SEMINAR]; STATUS[false]; SERVER_MESSAGE[TORC123456is not found in SEMINAR]
12/07/2019 05:18:04.579 - [INFO] - METHOD[bookEvent]; PARAMETERS[TORC1234, MTLA123456, SEMINAR]; STATUS[true]; SERVER_MESSAGE[Booking Successful.]
12/07/2019 05:19:01.747 - [INFO] - METHOD[swapEvent]; PARAMETERS[TORC1234, MTLA123456, SEMINAR, MTLA123456, SEMINAR]; STATUS[false]; SERVER_MESSAGE[TORC1234 is already booked in MTLA123456.]
12/07/2019 05:19:27.289 - [INFO] - METHOD[getBookingSchedule]; PARAMETERS[TORC1234]; STATUS[true]; SERVER_MESSAGE[[Ljava.lang.String;@24c9101f]
12/07/2019 05:27:00.547 - [INFO] - METHOD[bookEvent]; PARAMETERS[TORC1234, MTLA123456, SEMINAR]; STATUS[true]; SERVER_MESSAGE[Booking Successful.]
12/07/2019 05:27:27.897 - [INFO] - METHOD[swapEvent]; PARAMETERS[TORC1234, MTLA123456, SEMINAR, TORC123456, CONFERENCE]; STATUS[false]; SERVER_MESSAGE[TORC123456 is not found in CONFERENCE for customer TORC1234]
12/07/2019 05:27:39.207 - [INFO] - METHOD[getBookingSchedule]; PARAMETERS[TORC1234]; STATUS[true]; SERVER_MESSAGE[[Ljava.lang.String;@3727efa1]
12/07/2019 05:28:01.186 - [INFO] - METHOD[swapEvent]; PARAMETERS[TORC1234, TORC123456, CONFERENCE, MTLA123456, SEMINAR]; STATUS[false]; SERVER_MESSAGE[TORC123456 is not found in CONFERENCE]
12/07/2019 05:28:08.395 - [INFO] - METHOD[getBookingSchedule]; PARAMETERS[TORC1234]; STATUS[true]; SERVER_MESSAGE[[Ljava.lang.String;@56a5e902]
16/07/2019 12:01:46.763 - [INFO] - METHOD[getBookingSchedule]; PARAMETERS[TORC1234]; STATUS[true]; SERVER_MESSAGE[[Ljava.lang.String;@77c79d3e]
