09/07/2019 10:00:24.152 - [INFO] - MANAGER LOGIN(MTLM1234)
09/07/2019 10:00:33.991 - [INFO] - METHOD[addEvent]; PARAMETERS[MTLM1234, MTLA123456, SEMINAR, 1]; STATUS[true]; SERVER_MESSAGE[]
09/07/2019 10:00:45.505 - [INFO] - METHOD[addEvent]; PARAMETERS[MTLM1234, MTLA123456, SEMINAR, 3]; STATUS[false]; SERVER_MESSAGE[]
09/07/2019 10:01:01.890 - [INFO] - METHOD[listEventAvailability]; PARAMETERS[MTLM1234, SEMINAR]; STATUS[true]; SERVER_MESSAGE[{MTLA123456=1}]
09/07/2019 10:04:53.612 - [INFO] - MANAGER LOGIN(MTLM1234)
09/07/2019 10:05:02.897 - [INFO] - METHOD[addEvent]; PARAMETERS[MTLM1234, MTLA123456, SEMINAR, 1]; STATUS[true]; SERVER_MESSAGE[]
09/07/2019 10:05:23.567 - [INFO] - METHOD[addEvent]; PARAMETERS[MTLM1234, MTLA123456, SEMINAR, 3]; STATUS[false]; SERVER_MESSAGE[]
09/07/2019 10:08:20.216 - [INFO] - MANAGER LOGIN(MTLM1234)
09/07/2019 10:08:30.860 - [INFO] - METHOD[addEvent]; PARAMETERS[MTLM1234, MTLA123456, SEMINAR, 1]; STATUS[true]; SERVER_MESSAGE[]
09/07/2019 10:08:35.020 - [INFO] - METHOD[listEventAvailability]; PARAMETERS[MTLM1234, SEMINAR]; STATUS[true]; SERVER_MESSAGE[{MTLA123456=1}]
09/07/2019 10:11:20.783 - [INFO] - MANAGER LOGIN(MTLM1234)
09/07/2019 10:11:28.600 - [INFO] - METHOD[addEvent]; PARAMETERS[MTLM1234, MTLA123456, SEMINAR, 1]; STATUS[true]; SERVER_MESSAGE[]
09/07/2019 10:11:40.311 - [INFO] - METHOD[addEvent]; PARAMETERS[MTLM1234, MTLA123456, SEMINAR, 3]; STATUS[true]; SERVER_MESSAGE[]
09/07/2019 10:15:45.157 - [INFO] - MANAGER LOGIN(MTLM1234)
09/07/2019 10:16:02.922 - [INFO] - METHOD[addEvent]; PARAMETERS[MTLM1234, MTLA123456, SEMINAR, 1]; STATUS[true]; SERVER_MESSAGE[]
09/07/2019 10:17:13.563 - [INFO] - MANAGER LOGIN(MTLM1234)
09/07/2019 10:17:19.105 - [INFO] - METHOD[listEventAvailability]; PARAMETERS[MTLM1234, SEMINAR]; STATUS[true]; SERVER_MESSAGE[{}]
09/07/2019 10:17:37.190 - [INFO] - METHOD[addEvent]; PARAMETERS[MTLM1234, MTLA123456, SEMINAR, 1]; STATUS[true]; SERVER_MESSAGE[]
09/07/2019 10:17:52.692 - [INFO] - METHOD[addEvent]; PARAMETERS[MTLM1234, MTLE123456, SEMINAR, 2]; STATUS[true]; SERVER_MESSAGE[]
09/07/2019 10:17:56.674 - [INFO] - METHOD[listEventAvailability]; PARAMETERS[MTLM1234, SEMINAR]; STATUS[true]; SERVER_MESSAGE[{MTLA123456=1, MTLE123456=2}]
09/07/2019 10:18:11.595 - [INFO] - METHOD[addEvent]; PARAMETERS[MTLM1234, MTLA123456, SEMINAR, 3]; STATUS[true]; SERVER_MESSAGE[]
09/07/2019 10:18:19.461 - [INFO] - METHOD[listEventAvailability]; PARAMETERS[MTLM1234, SEMINAR]; STATUS[true]; SERVER_MESSAGE[{MTLA123456=3, MTLE123456=2}]
